zxingScan/build/outputs/mapping/release/mapping.txt
cn.bingoogolapple.qrcode.zxingdemo.R$mipmap -> cn.bingoogolapple.qrcode.zxingdemo.R$mipmap:
    int custom_grid_scan_line -> custom_grid_scan_line
    int custom_scan_line -> custom_scan_line
    int holder -> holder
    int ic_launcher -> ic_launcher
    int logo -> logo
    int qrcode_default_grid_scan_line -> qrcode_default_grid_scan_line
    int qrcode_default_scan_line -> qrcode_default_scan_line
    int test_isbn -> test_isbn
    void <init>() -> <init>
    void <clinit>() -> <clinit>
cn.bingoogolapple.qrcode.zxingdemo.R$string -> cn.bingoogolapple.qrcode.zxingdemo.R$string:
    int abc_action_bar_home_description -> abc_action_bar_home_description
    int abc_action_bar_home_description_format -> abc_action_bar_home_description_format
    int abc_action_bar_home_subtitle_description_format -> abc_action_bar_home_subtitle_description_format
    int abc_action_bar_up_description -> abc_action_bar_up_description
    int abc_action_menu_overflow_description -> abc_action_menu_overflow_description
    int abc_action_mode_done -> abc_action_mode_done
    int abc_activity_chooser_view_see_all -> abc_activity_chooser_view_see_all
    int abc_activitychooserview_choose_application -> abc_activitychooserview_choose_application
    int abc_capital_off -> abc_capital_off
    int abc_capital_on -> abc_capital_on
    int abc_search_hint -> abc_search_hint
    int abc_searchview_description_clear -> abc_searchview_description_clear
    int abc_searchview_description_query -> abc_searchview_description_query
    int abc_searchview_description_search -> abc_searchview_description_search
    int abc_searchview_description_submit -> abc_searchview_description_submit
    int abc_searchview_description_voice -> abc_searchview_description_voice
    int abc_shareactionprovider_share_with -> abc_shareactionprovider_share_with
    int abc_shareactionprovider_share_with_application -> abc_shareactionprovider_share_with_application
cn.bingoogolapple.qrcode.zxingdemo.R$style -> cn.bingoogolapple.qrcode.zxingdemo.R$style:
    int AlertDialog_AppCompat -> AlertDialog_AppCompat
    int AlertDialog_AppCompat_Light -> AlertDialog_AppCompat_Light
    int Animation_AppCompat_Dialog -> Animation_AppCompat_Dialog
    int Animation_AppCompat_DropDownUp -> Animation_AppCompat_DropDownUp
    int AppTheme -> AppTheme
    int AppTheme_Transparent -> AppTheme_Transparent
    int AppTheme_Transparent_Splash -> AppTheme_Transparent_Splash
    int AutoMatch -> AutoMatch
    int AutoMatch_Horizontal -> AutoMatch_Horizontal
    int AutoMatch_Vertical -> AutoMatch_Vertical
    int AutoWrap -> AutoWrap
    int AutoWrap_Horizontal -> AutoWrap_Horizontal
    int AutoWrap_Vertical -> AutoWrap_Vertical
    int AutoWrapTv -> AutoWrapTv
    int Base_AlertDialog_AppCompat -> Base_AlertDialog_AppCompat
    int Base_AlertDialog_AppCompat_Light -> Base_AlertDialog_AppCompat_Light
    int Base_Animation_AppCompat_Dialog -> Base_Animation_AppCompat_Dialog
    int Base_Animation_AppCompat_DropDownUp -> Base_Animation_AppCompat_DropDownUp
    int Base_DialogWindowTitle_AppCompat -> Base_DialogWindowTitle_AppCompat
    int Base_DialogWindowTitleBackground_AppCompat -> Base_DialogWindowTitleBackground_AppCompat
    int Base_TextAppearance_AppCompat -> Base_TextAppearance_AppCompat
    int Base_TextAppearance_AppCompat_Body1 -> Base_TextAppearance_AppCompat_Body1